<?xml version="1.0" encoding="UTF-8"?>
<!-- Generated by org.testng.reporters.JUnitReportReporter -->
<testsuite hostname="DESKTOP-20G0H2Q" failures="0" tests="1" name="com.github.qa.testcases.CreateFork" time="1.787" errors="0" timestamp="2023-12-29T14:57:38 IST" skipped="0">
  <testcase classname="com.github.qa.testcases.CreateFork" name="listFork" time="1.787"/>
  <system-out>
    <![CDATA[[{"id":736927346,"node_id":"R_kgDOK-yecg","name":"PipelineDemo","full_name":"supriyahv15/PipelineDemo","private":false,"owner":{"login":"supriyahv15","id":142662769,"node_id":"U_kgDOCIDccQ","avatar_url":"https://avatars.githubusercontent.com/u/142662769?v=4","gravatar_id":"","url":"https://api.github.com/users/supriyahv15","html_url":"https://github.com/supriyahv15","followers_url":"https://api.github.com/users/supriyahv15/followers","following_url":"https://api.github.com/users/supriyahv15/following{/other_user}","gists_url":"https://api.github.com/users/supriyahv15/gists{/gist_id}","starred_url":"https://api.github.com/users/supriyahv15/starred{/owner}{/repo}","subscriptions_url":"https://api.github.com/users/supriyahv15/subscriptions","organizations_url":"https://api.github.com/users/supriyahv15/orgs","repos_url":"https://api.github.com/users/supriyahv15/repos","events_url":"https://api.github.com/users/supriyahv15/events{/privacy}","received_events_url":"https://api.github.com/users/supriyahv15/received_events","type":"User","site_admin":false},"html_url":"https://github.com/supriyahv15/PipelineDemo","description":null,"fork":true,"url":"https://api.github.com/repos/supriyahv15/PipelineDemo","forks_url":"https://api.github.com/repos/supriyahv15/PipelineDemo/forks","keys_url":"https://api.github.com/repos/supriyahv15/PipelineDemo/keys{/key_id}","collaborators_url":"https://api.github.com/repos/supriyahv15/PipelineDemo/collaborators{/collaborator}","teams_url":"https://api.github.com/repos/supriyahv15/PipelineDemo/teams","hooks_url":"https://api.github.com/repos/supriyahv15/PipelineDemo/hooks","issue_events_url":"https://api.github.com/repos/supriyahv15/PipelineDemo/issues/events{/number}","events_url":"https://api.github.com/repos/supriyahv15/PipelineDemo/events","assignees_url":"https://api.github.com/repos/supriyahv15/PipelineDemo/assignees{/user}","branches_url":"https://api.github.com/repos/supriyahv15/PipelineDemo/branches{/branch}","tags_url":"https://api.github.com/repos/supriyahv15/PipelineDemo/tags","blobs_url":"https://api.github.com/repos/supriyahv15/PipelineDemo/git/blobs{/sha}","git_tags_url":"https://api.github.com/repos/supriyahv15/PipelineDemo/git/tags{/sha}","git_refs_url":"https://api.github.com/repos/supriyahv15/PipelineDemo/git/refs{/sha}","trees_url":"https://api.github.com/repos/supriyahv15/PipelineDemo/git/trees{/sha}","statuses_url":"https://api.github.com/repos/supriyahv15/PipelineDemo/statuses/{sha}","languages_url":"https://api.github.com/repos/supriyahv15/PipelineDemo/languages","stargazers_url":"https://api.github.com/repos/supriyahv15/PipelineDemo/stargazers","contributors_url":"https://api.github.com/repos/supriyahv15/PipelineDemo/contributors","subscribers_url":"https://api.github.com/repos/supriyahv15/PipelineDemo/subscribers","subscription_url":"https://api.github.com/repos/supriyahv15/PipelineDemo/subscription","commits_url":"https://api.github.com/repos/supriyahv15/PipelineDemo/commits{/sha}","git_commits_url":"https://api.github.com/repos/supriyahv15/PipelineDemo/git/commits{/sha}","comments_url":"https://api.github.com/repos/supriyahv15/PipelineDemo/comments{/number}","issue_comment_url":"https://api.github.com/repos/supriyahv15/PipelineDemo/issues/comments{/number}","contents_url":"https://api.github.com/repos/supriyahv15/PipelineDemo/contents/{+path}","compare_url":"https://api.github.com/repos/supriyahv15/PipelineDemo/compare/{base}...{head}","merges_url":"https://api.github.com/repos/supriyahv15/PipelineDemo/merges","archive_url":"https://api.github.com/repos/supriyahv15/PipelineDemo/{archive_format}{/ref}","downloads_url":"https://api.github.com/repos/supriyahv15/PipelineDemo/downloads","issues_url":"https://api.github.com/repos/supriyahv15/PipelineDemo/issues{/number}","pulls_url":"https://api.github.com/repos/supriyahv15/PipelineDemo/pulls{/number}","milestones_url":"https://api.github.com/repos/supriyahv15/PipelineDemo/milestones{/number}","notifications_url":"https://api.github.com/repos/supriyahv15/PipelineDemo/notifications{?since,all,participating}","labels_url":"https://api.github.com/repos/supriyahv15/PipelineDemo/labels{/name}","releases_url":"https://api.github.com/repos/supriyahv15/PipelineDemo/releases{/id}","deployments_url":"https://api.github.com/repos/supriyahv15/PipelineDemo/deployments","created_at":"2023-12-29T09:26:43Z","updated_at":"2023-12-29T09:26:43Z","pushed_at":"2023-12-07T16:10:26Z","git_url":"git://github.com/supriyahv15/PipelineDemo.git","ssh_url":"git@github.com:supriyahv15/PipelineDemo.git","clone_url":"https://github.com/supriyahv15/PipelineDemo.git","svn_url":"https://github.com/supriyahv15/PipelineDemo","homepage":null,"size":1,"stargazers_count":0,"watchers_count":0,"language":null,"has_issues":false,"has_projects":true,"has_downloads":true,"has_wiki":true,"has_pages":false,"has_discussions":false,"forks_count":0,"mirror_url":null,"archived":false,"disabled":false,"open_issues_count":0,"license":null,"allow_forking":true,"is_template":false,"web_commit_signoff_required":false,"topics":[],"visibility":"public","forks":0,"open_issues":0,"watchers":0,"default_branch":"main"}]]]>
  </system-out>
</testsuite> <!-- com.github.qa.testcases.CreateFork -->
