<?xml version="1.0" encoding="UTF-8"?>
<!-- Generated by org.testng.reporters.JUnitReportReporter -->
<testsuite hostname="DESKTOP-20G0H2Q" failures="0" tests="1" name="com.github.qa.testcases.GithubRespo" time="2.492" errors="0" timestamp="2023-12-28T16:43:53 IST" skipped="0">
  <testcase classname="com.github.qa.testcases.GithubRespo" name="createrespository" time="2.492"/>
  <system-out/>
</testsuite> <!-- com.github.qa.testcases.GithubRespo -->
