<?xml version="1.0" encoding="UTF-8"?>
<!-- Generated by org.testng.reporters.JUnitReportReporter -->
<testsuite hostname="DESKTOP-20G0H2Q" failures="0" tests="1" name="com.github.qa.testcases.EnableVulnerability" time="2.207" errors="0" timestamp="2023-12-30T21:51:36 IST" skipped="0">
  <testcase classname="com.github.qa.testcases.EnableVulnerability" name="disable" time="2.207"/>
  <system-out/>
</testsuite> <!-- com.github.qa.testcases.EnableVulnerability -->
