<?xml version="1.0" encoding="UTF-8"?>
<!-- Generated by org.testng.reporters.JUnitReportReporter -->
<testsuite hostname="DESKTOP-20G0H2Q" failures="0" tests="1" name="com.github.qa.testcases.GetRepo" time="2.401" errors="0" timestamp="2023-12-29T12:22:24 IST" skipped="0">
  <testcase classname="com.github.qa.testcases.GetRepo" name="getRepo" time="2.401"/>
  <system-out>
    <![CDATA[{"id":736607749,"node_id":"R_kgDOK-e-BQ","name":"ApiFramework","full_name":"vinitham889/ApiFramework","private":false,"owner":{"login":"vinitham889","id":138013280,"node_id":"U_kgDOCDnqYA","avatar_url":"https://avatars.githubusercontent.com/u/138013280?v=4","gravatar_id":"","url":"https://api.github.com/users/vinitham889","html_url":"https://github.com/vinitham889","followers_url":"https://api.github.com/users/vinitham889/followers","following_url":"https://api.github.com/users/vinitham889/following{/other_user}","gists_url":"https://api.github.com/users/vinitham889/gists{/gist_id}","starred_url":"https://api.github.com/users/vinitham889/starred{/owner}{/repo}","subscriptions_url":"https://api.github.com/users/vinitham889/subscriptions","organizations_url":"https://api.github.com/users/vinitham889/orgs","repos_url":"https://api.github.com/users/vinitham889/repos","events_url":"https://api.github.com/users/vinitham889/events{/privacy}","received_events_url":"https://api.github.com/users/vinitham889/received_events","type":"User","site_admin":false},"html_url":"https://github.com/vinitham889/ApiFramework","description":"My RestAssured framework","fork":false,"url":"https://api.github.com/repos/vinitham889/ApiFramework","forks_url":"https://api.github.com/repos/vinitham889/ApiFramework/forks","keys_url":"https://api.github.com/repos/vinitham889/ApiFramework/keys{/key_id}","collaborators_url":"https://api.github.com/repos/vinitham889/ApiFramework/collaborators{/collaborator}","teams_url":"https://api.github.com/repos/vinitham889/ApiFramework/teams","hooks_url":"https://api.github.com/repos/vinitham889/ApiFramework/hooks","issue_events_url":"https://api.github.com/repos/vinitham889/ApiFramework/issues/events{/number}","events_url":"https://api.github.com/repos/vinitham889/ApiFramework/events","assignees_url":"https://api.github.com/repos/vinitham889/ApiFramework/assignees{/user}","branches_url":"https://api.github.com/repos/vinitham889/ApiFramework/branches{/branch}","tags_url":"https://api.github.com/repos/vinitham889/ApiFramework/tags","blobs_url":"https://api.github.com/repos/vinitham889/ApiFramework/git/blobs{/sha}","git_tags_url":"https://api.github.com/repos/vinitham889/ApiFramework/git/tags{/sha}","git_refs_url":"https://api.github.com/repos/vinitham889/ApiFramework/git/refs{/sha}","trees_url":"https://api.github.com/repos/vinitham889/ApiFramework/git/trees{/sha}","statuses_url":"https://api.github.com/repos/vinitham889/ApiFramework/statuses/{sha}","languages_url":"https://api.github.com/repos/vinitham889/ApiFramework/languages","stargazers_url":"https://api.github.com/repos/vinitham889/ApiFramework/stargazers","contributors_url":"https://api.github.com/repos/vinitham889/ApiFramework/contributors","subscribers_url":"https://api.github.com/repos/vinitham889/ApiFramework/subscribers","subscription_url":"https://api.github.com/repos/vinitham889/ApiFramework/subscription","commits_url":"https://api.github.com/repos/vinitham889/ApiFramework/commits{/sha}","git_commits_url":"https://api.github.com/repos/vinitham889/ApiFramework/git/commits{/sha}","comments_url":"https://api.github.com/repos/vinitham889/ApiFramework/comments{/number}","issue_comment_url":"https://api.github.com/repos/vinitham889/ApiFramework/issues/comments{/number}","contents_url":"https://api.github.com/repos/vinitham889/ApiFramework/contents/{+path}","compare_url":"https://api.github.com/repos/vinitham889/ApiFramework/compare/{base}...{head}","merges_url":"https://api.github.com/repos/vinitham889/ApiFramework/merges","archive_url":"https://api.github.com/repos/vinitham889/ApiFramework/{archive_format}{/ref}","downloads_url":"https://api.github.com/repos/vinitham889/ApiFramework/downloads","issues_url":"https://api.github.com/repos/vinitham889/ApiFramework/issues{/number}","pulls_url":"https://api.github.com/repos/vinitham889/ApiFramework/pulls{/number}","milestones_url":"https://api.github.com/repos/vinitham889/ApiFramework/milestones{/number}","notifications_url":"https://api.github.com/repos/vinitham889/ApiFramework/notifications{?since,all,participating}","labels_url":"https://api.github.com/repos/vinitham889/ApiFramework/labels{/name}","releases_url":"https://api.github.com/repos/vinitham889/ApiFramework/releases{/id}","deployments_url":"https://api.github.com/repos/vinitham889/ApiFramework/deployments","created_at":"2023-12-28T11:13:50Z","updated_at":"2023-12-29T06:04:21Z","pushed_at":"2023-12-28T11:13:50Z","git_url":"git://github.com/vinitham889/ApiFramework.git","ssh_url":"git@github.com:vinitham889/ApiFramework.git","clone_url":"https://github.com/vinitham889/ApiFramework.git","svn_url":"https://github.com/vinitham889/ApiFramework","homepage":null,"size":0,"stargazers_count":0,"watchers_count":0,"language":null,"has_issues":true,"has_projects":true,"has_downloads":true,"has_wiki":true,"has_pages":false,"has_discussions":false,"forks_count":0,"mirror_url":null,"archived":false,"disabled":false,"open_issues_count":0,"license":null,"allow_forking":true,"is_template":false,"web_commit_signoff_required":false,"topics":[],"visibility":"public","forks":0,"open_issues":0,"watchers":0,"default_branch":"main","temp_clone_token":null,"network_count":0,"subscribers_count":1}]]>
  </system-out>
</testsuite> <!-- com.github.qa.testcases.GetRepo -->
